2018-06-29 20:09:25,337 [Worker-4] INFO  c.g.t.t.d.PublishedGradleVersions - Gradle version information cache is up-to-date. Trying to read.
2018-06-29 20:14:49,136 [Worker-11] INFO  o.e.m.c.i.l.LifecycleMappingFactory - Using org.eclipse.m2e.jdt.JarLifecycleMapping lifecycle mapping for MavenProject: tk.mybatis:simple:0.0.1-SNAPSHOT @ E:\1\springlearn\Mybatis\simple\pom.xml.
2018-06-29 20:14:49,977 [Worker-11] INFO  o.e.m.j.i.AbstractJavaProjectConfigurator - Adding source folder /simple/src/main/java
2018-06-29 20:14:49,980 [Worker-11] INFO  o.e.m.j.i.AbstractJavaProjectConfigurator - Adding resource folder /simple/src/main/resources
2018-06-29 20:14:49,982 [Worker-11] INFO  o.e.m.j.i.AbstractJavaProjectConfigurator - Adding source folder /simple/src/test/java
2018-06-29 20:14:49,982 [Worker-11] INFO  o.e.m.j.i.AbstractJavaProjectConfigurator - Adding resource folder /simple/src/test/resources
2018-06-29 20:14:52,436 [Worker-11] WARN  o.e.m.c.i.embedder.EclipseLogger - Using platform encoding (GBK actually) to copy filtered resources, i.e. build is platform dependent!
2018-06-29 20:14:52,440 [Worker-11] INFO  o.e.m.c.i.embedder.EclipseLogger - Copying 0 resource
2018-06-29 20:14:52,444 [Worker-11] WARN  o.e.m.c.i.embedder.EclipseLogger - Using platform encoding (GBK actually) to copy filtered resources, i.e. build is platform dependent!
2018-06-29 20:14:52,446 [Worker-11] INFO  o.e.m.c.i.embedder.EclipseLogger - Copying 0 resource
2018-06-29 20:16:42,695 [Worker-10] INFO  o.e.m.c.i.e.AbstractTransferListenerAdapter - Downloaded https://repo.maven.apache.org/maven2/org/apache/maven/plugins/maven-compile-plugin/maven-metadata.xml
2018-06-29 20:16:42,722 [Worker-10] INFO  o.e.m.c.i.l.LifecycleMappingFactory - Using org.eclipse.m2e.jdt.JarLifecycleMapping lifecycle mapping for MavenProject: tk.mybatis:simple:0.0.1-SNAPSHOT @ E:\1\springlearn\Mybatis\simple\pom.xml.
2018-06-29 20:17:33,070 [Worker-9] INFO  o.e.m.c.i.l.LifecycleMappingFactory - Using org.eclipse.m2e.jdt.JarLifecycleMapping lifecycle mapping for MavenProject: tk.mybatis:simple:0.0.1-SNAPSHOT @ E:\1\springlearn\Mybatis\simple\pom.xml.
2018-06-29 20:18:47,536 [Worker-5] INFO  o.e.m.c.i.l.LifecycleMappingFactory - Using org.eclipse.m2e.jdt.JarLifecycleMapping lifecycle mapping for MavenProject: tk.mybatis:simple:0.0.1-SNAPSHOT @ E:\1\springlearn\Mybatis\simple\pom.xml.
2018-06-29 20:18:48,459 [Worker-7] INFO  o.e.m.c.i.e.AbstractTransferListenerAdapter - Downloading https://repo.maven.apache.org/maven2/org/mybatis/mybatis/3.4.6/mybatis-3.4.6.pom
2018-06-29 20:18:48,483 [Worker-5] INFO  o.e.m.c.i.e.AbstractTransferListenerAdapter - Downloading https://repo.maven.apache.org/maven2/org/mybatis/mybatis/3.4.6/mybatis-3.4.6.pom
2018-06-29 20:18:48,861 [Worker-7] INFO  o.e.m.c.i.e.AbstractTransferListenerAdapter - Downloaded https://repo.maven.apache.org/maven2/org/mybatis/mybatis/3.4.6/mybatis-3.4.6.pom
2018-06-29 20:18:48,898 [Worker-5] INFO  o.e.m.c.i.e.AbstractTransferListenerAdapter - Downloaded https://repo.maven.apache.org/maven2/org/mybatis/mybatis/3.4.6/mybatis-3.4.6.pom
2018-06-29 20:18:49,080 [Worker-7] INFO  o.e.m.c.i.e.AbstractTransferListenerAdapter - Downloading https://repo.maven.apache.org/maven2/org/mybatis/mybatis-parent/29/mybatis-parent-29.pom
2018-06-29 20:18:49,109 [Worker-5] INFO  o.e.m.c.i.e.AbstractTransferListenerAdapter - Downloading https://repo.maven.apache.org/maven2/org/mybatis/mybatis-parent/29/mybatis-parent-29.pom
2018-06-29 20:18:49,488 [Worker-7] INFO  o.e.m.c.i.e.AbstractTransferListenerAdapter - Downloaded https://repo.maven.apache.org/maven2/org/mybatis/mybatis-parent/29/mybatis-parent-29.pom
2018-06-29 20:18:49,526 [Worker-5] INFO  o.e.m.c.i.e.AbstractTransferListenerAdapter - Downloaded https://repo.maven.apache.org/maven2/org/mybatis/mybatis-parent/29/mybatis-parent-29.pom
2018-06-29 20:18:49,709 [Worker-7] INFO  o.e.m.c.i.e.AbstractTransferListenerAdapter - Downloading https://repo.maven.apache.org/maven2/org/mybatis/mybatis/3.4.6/mybatis-3.4.6.jar
2018-06-29 20:18:49,756 [Worker-5] INFO  o.e.m.c.i.e.AbstractTransferListenerAdapter - Downloading https://repo.maven.apache.org/maven2/org/mybatis/mybatis/3.4.6/mybatis-3.4.6.jar
2018-06-29 20:18:51,358 [Worker-5] INFO  o.e.m.c.i.e.AbstractTransferListenerAdapter - Downloaded https://repo.maven.apache.org/maven2/org/mybatis/mybatis/3.4.6/mybatis-3.4.6.jar
2018-06-29 20:18:51,451 [Worker-7] INFO  o.e.m.c.i.e.AbstractTransferListenerAdapter - Downloaded https://repo.maven.apache.org/maven2/org/mybatis/mybatis/3.4.6/mybatis-3.4.6.jar
2018-06-29 20:19:54,686 [Worker-8] INFO  o.e.m.c.i.l.LifecycleMappingFactory - Using org.eclipse.m2e.jdt.JarLifecycleMapping lifecycle mapping for MavenProject: tk.mybatis:simple:0.0.1-SNAPSHOT @ E:\1\springlearn\Mybatis\simple\pom.xml.
2018-06-29 20:19:55,881 [Worker-11] INFO  o.e.m.c.i.e.AbstractTransferListenerAdapter - Downloading https://repo.maven.apache.org/maven2/junit/junit/4.12/junit-4.12.pom
2018-06-29 20:19:55,895 [Worker-8] INFO  o.e.m.c.i.e.AbstractTransferListenerAdapter - Downloading https://repo.maven.apache.org/maven2/junit/junit/4.12/junit-4.12.pom
2018-06-29 20:19:56,298 [Worker-11] INFO  o.e.m.c.i.e.AbstractTransferListenerAdapter - Downloaded https://repo.maven.apache.org/maven2/junit/junit/4.12/junit-4.12.pom
2018-06-29 20:19:56,341 [Worker-8] INFO  o.e.m.c.i.e.AbstractTransferListenerAdapter - Downloaded https://repo.maven.apache.org/maven2/junit/junit/4.12/junit-4.12.pom
2018-06-29 20:19:56,593 [Worker-8] INFO  o.e.m.c.i.e.AbstractTransferListenerAdapter - Downloading https://repo.maven.apache.org/maven2/junit/junit/4.12/junit-4.12.jar
2018-06-29 20:19:56,832 [Worker-11] INFO  o.e.m.c.i.e.AbstractTransferListenerAdapter - Downloading https://repo.maven.apache.org/maven2/junit/junit/4.12/junit-4.12.jar
2018-06-29 20:19:57,667 [Worker-8] INFO  o.e.m.c.i.e.AbstractTransferListenerAdapter - Downloaded https://repo.maven.apache.org/maven2/junit/junit/4.12/junit-4.12.jar
2018-06-29 20:19:57,934 [Worker-11] INFO  o.e.m.c.i.e.AbstractTransferListenerAdapter - Downloaded https://repo.maven.apache.org/maven2/junit/junit/4.12/junit-4.12.jar
2018-06-29 20:20:36,906 [Worker-5] INFO  o.e.m.c.i.l.LifecycleMappingFactory - Using org.eclipse.m2e.jdt.JarLifecycleMapping lifecycle mapping for MavenProject: tk.mybatis:simple:0.0.1-SNAPSHOT @ E:\1\springlearn\Mybatis\simple\pom.xml.
2018-06-29 20:20:38,262 [Worker-9] INFO  o.e.m.c.i.e.AbstractTransferListenerAdapter - Downloading https://repo.maven.apache.org/maven2/mysql/mysql-connector-java/8.0.11/mysql-connector-java-8.0.11.pom
2018-06-29 20:20:38,278 [Worker-5] INFO  o.e.m.c.i.e.AbstractTransferListenerAdapter - Downloading https://repo.maven.apache.org/maven2/mysql/mysql-connector-java/8.0.11/mysql-connector-java-8.0.11.pom
2018-06-29 20:20:38,456 [Worker-9] INFO  o.e.m.c.i.e.AbstractTransferListenerAdapter - Downloaded https://repo.maven.apache.org/maven2/mysql/mysql-connector-java/8.0.11/mysql-connector-java-8.0.11.pom
2018-06-29 20:20:38,483 [Worker-5] INFO  o.e.m.c.i.e.AbstractTransferListenerAdapter - Downloaded https://repo.maven.apache.org/maven2/mysql/mysql-connector-java/8.0.11/mysql-connector-java-8.0.11.pom
2018-06-29 20:20:38,664 [Worker-9] INFO  o.e.m.c.i.e.AbstractTransferListenerAdapter - Downloading https://repo.maven.apache.org/maven2/com/google/protobuf/protobuf-java/2.6.0/protobuf-java-2.6.0.pom
2018-06-29 20:20:38,672 [Worker-5] INFO  o.e.m.c.i.e.AbstractTransferListenerAdapter - Downloading https://repo.maven.apache.org/maven2/com/google/protobuf/protobuf-java/2.6.0/protobuf-java-2.6.0.pom
2018-06-29 20:20:38,853 [Worker-9] INFO  o.e.m.c.i.e.AbstractTransferListenerAdapter - Downloaded https://repo.maven.apache.org/maven2/com/google/protobuf/protobuf-java/2.6.0/protobuf-java-2.6.0.pom
2018-06-29 20:20:38,904 [Worker-5] INFO  o.e.m.c.i.e.AbstractTransferListenerAdapter - Downloaded https://repo.maven.apache.org/maven2/com/google/protobuf/protobuf-java/2.6.0/protobuf-java-2.6.0.pom
2018-06-29 20:20:39,081 [Worker-9] INFO  o.e.m.c.i.e.AbstractTransferListenerAdapter - Downloading https://repo.maven.apache.org/maven2/mysql/mysql-connector-java/8.0.11/mysql-connector-java-8.0.11.jar
2018-06-29 20:20:39,131 [Worker-5] INFO  o.e.m.c.i.e.AbstractTransferListenerAdapter - Downloading https://repo.maven.apache.org/maven2/mysql/mysql-connector-java/8.0.11/mysql-connector-java-8.0.11.jar
2018-06-29 20:20:41,152 [Worker-9] INFO  o.e.m.c.i.e.AbstractTransferListenerAdapter - Downloaded https://repo.maven.apache.org/maven2/mysql/mysql-connector-java/8.0.11/mysql-connector-java-8.0.11.jar
2018-06-29 20:20:41,339 [Worker-9] INFO  o.e.m.c.i.e.AbstractTransferListenerAdapter - Downloading https://repo.maven.apache.org/maven2/com/google/protobuf/protobuf-java/2.6.0/protobuf-java-2.6.0.jar
2018-06-29 20:20:41,346 [Worker-5] INFO  o.e.m.c.i.e.AbstractTransferListenerAdapter - Downloaded https://repo.maven.apache.org/maven2/mysql/mysql-connector-java/8.0.11/mysql-connector-java-8.0.11.jar
2018-06-29 20:20:41,548 [Worker-5] INFO  o.e.m.c.i.e.AbstractTransferListenerAdapter - Downloading https://repo.maven.apache.org/maven2/com/google/protobuf/protobuf-java/2.6.0/protobuf-java-2.6.0.jar
2018-06-29 20:20:41,626 [Worker-9] INFO  o.e.m.c.i.e.AbstractTransferListenerAdapter - Downloaded https://repo.maven.apache.org/maven2/com/google/protobuf/protobuf-java/2.6.0/protobuf-java-2.6.0.jar
2018-06-29 20:20:41,906 [Worker-5] INFO  o.e.m.c.i.e.AbstractTransferListenerAdapter - Downloaded https://repo.maven.apache.org/maven2/com/google/protobuf/protobuf-java/2.6.0/protobuf-java-2.6.0.jar
2018-06-29 20:22:00,120 [Worker-9] INFO  o.e.m.c.i.l.LifecycleMappingFactory - Using org.eclipse.m2e.jdt.JarLifecycleMapping lifecycle mapping for MavenProject: tk.mybatis:simple:0.0.1-SNAPSHOT @ E:\1\springlearn\Mybatis\simple\pom.xml.
2018-06-29 20:22:10,137 [Worker-15] INFO  o.e.m.c.i.l.LifecycleMappingFactory - Using org.eclipse.m2e.jdt.JarLifecycleMapping lifecycle mapping for MavenProject: tk.mybatis:simple:0.0.1-SNAPSHOT @ E:\1\springlearn\Mybatis\simple\pom.xml.
2018-06-29 20:24:33,969 [Worker-5] INFO  o.e.m.c.i.l.LifecycleMappingFactory - Using org.eclipse.m2e.jdt.JarLifecycleMapping lifecycle mapping for MavenProject: tk.mybatis:simple:0.0.1-SNAPSHOT @ E:\1\springlearn\Mybatis\simple\pom.xml.
2018-06-29 20:24:34,840 [Worker-5] INFO  o.e.m.c.i.e.AbstractTransferListenerAdapter - Downloading https://repo.maven.apache.org/maven2/org/slf4j/slf4j-log4j12/1.7.25/slf4j-log4j12-1.7.25.pom
2018-06-29 20:24:35,036 [Worker-5] INFO  o.e.m.c.i.e.AbstractTransferListenerAdapter - Downloaded https://repo.maven.apache.org/maven2/org/slf4j/slf4j-log4j12/1.7.25/slf4j-log4j12-1.7.25.pom
2018-06-29 20:24:35,049 [Worker-7] INFO  o.e.m.c.i.e.AbstractTransferListenerAdapter - Downloading https://repo.maven.apache.org/maven2/org/slf4j/slf4j-log4j12/1.7.25/slf4j-log4j12-1.7.25.pom
2018-06-29 20:24:35,266 [Worker-5] INFO  o.e.m.c.i.e.AbstractTransferListenerAdapter - Downloading https://repo.maven.apache.org/maven2/org/slf4j/slf4j-log4j12/1.7.25/slf4j-log4j12-1.7.25.jar
2018-06-29 20:24:35,279 [Worker-7] INFO  o.e.m.c.i.e.AbstractTransferListenerAdapter - Downloaded https://repo.maven.apache.org/maven2/org/slf4j/slf4j-log4j12/1.7.25/slf4j-log4j12-1.7.25.pom
2018-06-29 20:24:35,483 [Worker-5] INFO  o.e.m.c.i.e.AbstractTransferListenerAdapter - Downloaded https://repo.maven.apache.org/maven2/org/slf4j/slf4j-log4j12/1.7.25/slf4j-log4j12-1.7.25.jar
2018-06-29 20:24:35,700 [Worker-7] INFO  o.e.m.c.i.e.AbstractTransferListenerAdapter - Downloading https://repo.maven.apache.org/maven2/org/slf4j/slf4j-log4j12/1.7.25/slf4j-log4j12-1.7.25.jar
2018-06-29 20:24:35,935 [Worker-7] INFO  o.e.m.c.i.e.AbstractTransferListenerAdapter - Downloaded https://repo.maven.apache.org/maven2/org/slf4j/slf4j-log4j12/1.7.25/slf4j-log4j12-1.7.25.jar
2018-06-29 20:24:53,081 [Worker-8] INFO  o.e.m.c.i.l.LifecycleMappingFactory - Using org.eclipse.m2e.jdt.JarLifecycleMapping lifecycle mapping for MavenProject: tk.mybatis:simple:0.0.1-SNAPSHOT @ E:\1\springlearn\Mybatis\simple\pom.xml.
2018-06-29 20:24:53,389 [Worker-8] INFO  o.e.m.c.i.embedder.EclipseLogger - Using 'UTF-8' encoding to copy filtered resources.
2018-06-29 20:24:53,392 [Worker-8] INFO  o.e.m.c.i.embedder.EclipseLogger - Copying 0 resource
2018-06-29 20:24:53,398 [Worker-8] INFO  o.e.m.c.i.embedder.EclipseLogger - Using 'UTF-8' encoding to copy filtered resources.
2018-06-29 20:24:53,399 [Worker-8] INFO  o.e.m.c.i.embedder.EclipseLogger - Copying 0 resource
2018-06-29 20:24:58,457 [Worker-5] INFO  o.e.m.c.i.l.LifecycleMappingFactory - Using org.eclipse.m2e.jdt.JarLifecycleMapping lifecycle mapping for MavenProject: tk.mybatis:simple:0.0.1-SNAPSHOT @ E:\1\springlearn\Mybatis\simple\pom.xml.
2018-06-29 20:25:23,581 [Worker-15] INFO  o.e.m.c.i.p.ProjectConfigurationManager - Update started
2018-06-29 20:25:23,621 [Worker-15] INFO  o.e.m.c.i.l.LifecycleMappingFactory - Using org.eclipse.m2e.jdt.JarLifecycleMapping lifecycle mapping for MavenProject: tk.mybatis:simple:0.0.1-SNAPSHOT @ E:\1\springlearn\Mybatis\simple\pom.xml.
2018-06-29 20:25:23,903 [Worker-15] INFO  o.e.m.c.i.p.ProjectConfigurationManager - Update completed: 0 sec
2018-06-29 20:25:33,409 [Worker-8] INFO  o.e.m.c.i.p.ProjectConfigurationManager - Update started
2018-06-29 20:25:33,456 [Worker-8] INFO  o.e.m.c.i.l.LifecycleMappingFactory - Using org.eclipse.m2e.jdt.JarLifecycleMapping lifecycle mapping for MavenProject: tk.mybatis:simple:0.0.1-SNAPSHOT @ E:\1\springlearn\Mybatis\simple\pom.xml.
2018-06-29 20:25:33,769 [Worker-8] INFO  o.e.m.c.i.p.ProjectConfigurationManager - Update completed: 0 sec
2018-06-29 21:24:42,005 [Worker-20] INFO  o.e.m.i.launch.MavenLaunchDelegate - E:\1\springlearn\Mybatis\simple
2018-06-29 21:24:42,008 [Worker-20] INFO  o.e.m.i.launch.MavenLaunchDelegate -  mvn -B -s D:\maven\apache-maven-3.5.3-bin\apache-maven-3.5.3\conf\settings.xml test
2018-06-29 21:28:13,475 [Worker-19] INFO  o.e.m.i.launch.MavenLaunchDelegate - E:\1\springlearn\Mybatis\simple
2018-06-29 21:28:13,476 [Worker-19] INFO  o.e.m.i.launch.MavenLaunchDelegate -  mvn -B -s D:\maven\apache-maven-3.5.3-bin\apache-maven-3.5.3\conf\settings.xml test
2018-06-29 21:30:45,595 [Worker-17] INFO  o.e.m.c.i.l.LifecycleMappingFactory - Using org.eclipse.m2e.jdt.JarLifecycleMapping lifecycle mapping for MavenProject: tk.mybatis:simple:0.0.1-SNAPSHOT @ E:\1\springlearn\Mybatis\simple\pom.xml.
2018-06-29 21:31:56,491 [Worker-15] INFO  o.e.m.c.i.l.LifecycleMappingFactory - Using org.eclipse.m2e.jdt.JarLifecycleMapping lifecycle mapping for MavenProject: tk.mybatis:simple:0.0.1-SNAPSHOT @ E:\1\springlearn\Mybatis\simple\pom.xml.
2018-06-29 21:32:13,530 [Worker-22] INFO  o.e.m.c.i.p.ProjectConfigurationManager - Update started
2018-06-29 21:32:13,581 [Worker-22] INFO  o.e.m.c.i.l.LifecycleMappingFactory - Using org.eclipse.m2e.jdt.JarLifecycleMapping lifecycle mapping for MavenProject: tk.mybatis:simple:0.0.1-SNAPSHOT @ E:\1\springlearn\Mybatis\simple\pom.xml.
2018-06-29 21:32:13,936 [Worker-22] INFO  o.e.m.c.i.p.ProjectConfigurationManager - Update completed: 0 sec
2018-06-29 21:32:21,150 [Worker-22] INFO  o.e.m.i.launch.MavenLaunchDelegate - E:\1\springlearn\Mybatis\simple
2018-06-29 21:32:21,150 [Worker-22] INFO  o.e.m.i.launch.MavenLaunchDelegate -  mvn -B -s D:\maven\apache-maven-3.5.3-bin\apache-maven-3.5.3\conf\settings.xml test
2018-06-29 21:32:46,541 [Worker-15] INFO  o.e.m.c.i.p.ProjectConfigurationManager - Update started
2018-06-29 21:32:46,585 [Worker-15] INFO  o.e.m.c.i.l.LifecycleMappingFactory - Using org.eclipse.m2e.jdt.JarLifecycleMapping lifecycle mapping for MavenProject: tk.mybatis:simple:0.0.1-SNAPSHOT @ E:\1\springlearn\Mybatis\simple\pom.xml.
2018-06-29 21:32:46,814 [Worker-15] INFO  o.e.m.c.i.p.ProjectConfigurationManager - Update completed: 0 sec
2018-06-29 21:34:52,593 [Worker-5] INFO  o.e.m.c.i.e.AbstractTransferListenerAdapter - Downloaded https://repo.maven.apache.org/maven2/org/apache/maven/maven-compile-plugin/maven-metadata.xml
2018-06-29 21:34:52,600 [Worker-5] INFO  o.e.m.c.i.l.LifecycleMappingFactory - Using org.eclipse.m2e.jdt.JarLifecycleMapping lifecycle mapping for MavenProject: tk.mybatis:simple:0.0.1-SNAPSHOT @ E:\1\springlearn\Mybatis\simple\pom.xml.
2018-06-29 21:35:01,548 [Worker-22] INFO  o.e.m.c.i.p.ProjectConfigurationManager - Update started
2018-06-29 21:35:01,603 [Worker-22] INFO  o.e.m.c.i.l.LifecycleMappingFactory - Using org.eclipse.m2e.jdt.JarLifecycleMapping lifecycle mapping for MavenProject: tk.mybatis:simple:0.0.1-SNAPSHOT @ E:\1\springlearn\Mybatis\simple\pom.xml.
2018-06-29 21:35:01,823 [Worker-22] INFO  o.e.m.c.i.p.ProjectConfigurationManager - Update completed: 0 sec
2018-06-29 21:35:11,648 [Worker-17] INFO  o.e.m.i.launch.MavenLaunchDelegate - E:\1\springlearn\Mybatis\simple
2018-06-29 21:35:11,648 [Worker-17] INFO  o.e.m.i.launch.MavenLaunchDelegate -  mvn -B -s D:\maven\apache-maven-3.5.3-bin\apache-maven-3.5.3\conf\settings.xml test
2018-06-29 21:36:58,753 [Worker-20] INFO  o.e.m.c.i.l.LifecycleMappingFactory - Using org.eclipse.m2e.jdt.JarLifecycleMapping lifecycle mapping for MavenProject: tk.mybatis:simple:0.0.1-SNAPSHOT @ E:\1\springlearn\Mybatis\simple\pom.xml.
2018-06-29 21:37:16,524 [Worker-10] INFO  o.e.m.c.i.p.ProjectConfigurationManager - Update started
2018-06-29 21:37:16,568 [Worker-10] INFO  o.e.m.c.i.l.LifecycleMappingFactory - Using org.eclipse.m2e.jdt.JarLifecycleMapping lifecycle mapping for MavenProject: tk.mybatis:simple:0.0.1-SNAPSHOT @ E:\1\springlearn\Mybatis\simple\pom.xml.
2018-06-29 21:37:16,730 [Worker-10] INFO  o.e.m.c.i.p.ProjectConfigurationManager - Update completed: 0 sec
2018-06-29 21:38:08,871 [Worker-23] INFO  o.e.m.c.i.l.LifecycleMappingFactory - Using org.eclipse.m2e.jdt.JarLifecycleMapping lifecycle mapping for MavenProject: tk.mybatis:simple:0.0.1-SNAPSHOT @ E:\1\springlearn\Mybatis\simple\pom.xml.
2018-06-29 21:38:10,066 [Worker-23] INFO  o.e.m.c.i.e.AbstractTransferListenerAdapter - Downloaded https://repo.maven.apache.org/maven2/org/apache/maven/plugins/maven-compile-plugin/3.1.0/maven-compile-plugin-3.1.0.pom
2018-06-29 21:38:10,071 [Worker-23] WARN  o.e.m.c.i.embedder.EclipseLogger - The POM for org.apache.maven.plugins:maven-compile-plugin:jar:3.1.0 is missing, no dependency information available
2018-06-29 21:38:11,153 [Worker-23] INFO  o.e.m.c.i.e.AbstractTransferListenerAdapter - Downloaded https://repo.maven.apache.org/maven2/org/apache/maven/plugins/maven-compile-plugin/3.1.0/maven-compile-plugin-3.1.0.jar
2018-06-29 21:38:19,346 [Worker-5] INFO  o.e.m.c.i.p.ProjectConfigurationManager - Update started
2018-06-29 21:38:19,391 [Worker-5] INFO  o.e.m.c.i.l.LifecycleMappingFactory - Using org.eclipse.m2e.jdt.JarLifecycleMapping lifecycle mapping for MavenProject: tk.mybatis:simple:0.0.1-SNAPSHOT @ E:\1\springlearn\Mybatis\simple\pom.xml.
2018-06-29 21:38:19,428 [Worker-5] WARN  o.e.m.c.i.embedder.EclipseLogger - The POM for org.apache.maven.plugins:maven-compile-plugin:jar:3.1.0 is missing, no dependency information available
2018-06-29 21:38:19,618 [Worker-5] INFO  o.e.m.c.i.p.ProjectConfigurationManager - Update completed: 0 sec
2018-06-29 21:38:19,846 [Worker-15] WARN  o.e.m.c.i.embedder.EclipseLogger - The POM for org.apache.maven.plugins:maven-compile-plugin:jar:3.1.0 is missing, no dependency information available
2018-06-29 21:38:28,059 [Worker-18] INFO  o.e.m.c.i.l.LifecycleMappingFactory - Using org.eclipse.m2e.jdt.JarLifecycleMapping lifecycle mapping for MavenProject: tk.mybatis:simple:0.0.1-SNAPSHOT @ E:\1\springlearn\Mybatis\simple\pom.xml.
2018-06-29 21:38:28,091 [Worker-18] WARN  o.e.m.c.i.embedder.EclipseLogger - The POM for org.apache.maven.plugins:maven-compile-plugin:jar:3.1.0 is missing, no dependency information available
2018-06-29 21:38:40,046 [Worker-10] INFO  o.e.m.c.i.p.ProjectConfigurationManager - Update started
2018-06-29 21:38:40,083 [Worker-10] INFO  o.e.m.c.i.l.LifecycleMappingFactory - Using org.eclipse.m2e.jdt.JarLifecycleMapping lifecycle mapping for MavenProject: tk.mybatis:simple:0.0.1-SNAPSHOT @ E:\1\springlearn\Mybatis\simple\pom.xml.
2018-06-29 21:38:40,118 [Worker-10] WARN  o.e.m.c.i.embedder.EclipseLogger - The POM for org.apache.maven.plugins:maven-compile-plugin:jar:3.1.0 is missing, no dependency information available
2018-06-29 21:38:40,252 [Worker-10] INFO  o.e.m.c.i.p.ProjectConfigurationManager - Update completed: 0 sec
2018-06-29 21:38:40,402 [Worker-23] WARN  o.e.m.c.i.embedder.EclipseLogger - The POM for org.apache.maven.plugins:maven-compile-plugin:jar:3.1.0 is missing, no dependency information available
2018-06-29 21:39:11,516 [Worker-17] INFO  o.e.m.c.i.l.LifecycleMappingFactory - Using org.eclipse.m2e.jdt.JarLifecycleMapping lifecycle mapping for MavenProject: tk.mybatis:simple:0.0.1-SNAPSHOT @ E:\1\springlearn\Mybatis\simple\pom.xml.
2018-06-29 21:39:12,959 [Worker-17] INFO  o.e.m.c.i.e.AbstractTransferListenerAdapter - Downloading https://repo.maven.apache.org/maven2/org/apache/maven/plugins/maven-resources-plugin/3.1.0/maven-resources-plugin-3.1.0.pom
2018-06-29 21:39:13,161 [Worker-17] INFO  o.e.m.c.i.e.AbstractTransferListenerAdapter - Downloaded https://repo.maven.apache.org/maven2/org/apache/maven/plugins/maven-resources-plugin/3.1.0/maven-resources-plugin-3.1.0.pom
2018-06-29 21:39:13,421 [Worker-17] INFO  o.e.m.c.i.e.AbstractTransferListenerAdapter - Downloading https://repo.maven.apache.org/maven2/org/apache/maven/plugins/maven-plugins/31/maven-plugins-31.pom
2018-06-29 21:39:13,651 [Worker-17] INFO  o.e.m.c.i.e.AbstractTransferListenerAdapter - Downloaded https://repo.maven.apache.org/maven2/org/apache/maven/plugins/maven-plugins/31/maven-plugins-31.pom
2018-06-29 21:39:13,945 [Worker-17] INFO  o.e.m.c.i.e.AbstractTransferListenerAdapter - Downloading https://repo.maven.apache.org/maven2/org/apache/maven/maven-parent/31/maven-parent-31.pom
2018-06-29 21:39:14,489 [Worker-17] INFO  o.e.m.c.i.e.AbstractTransferListenerAdapter - Downloaded https://repo.maven.apache.org/maven2/org/apache/maven/maven-parent/31/maven-parent-31.pom
2018-06-29 21:39:14,782 [Worker-17] INFO  o.e.m.c.i.e.AbstractTransferListenerAdapter - Downloading https://repo.maven.apache.org/maven2/org/apache/apache/19/apache-19.pom
2018-06-29 21:39:14,985 [Worker-17] INFO  o.e.m.c.i.e.AbstractTransferListenerAdapter - Downloaded https://repo.maven.apache.org/maven2/org/apache/apache/19/apache-19.pom
2018-06-29 21:39:15,370 [Worker-17] INFO  o.e.m.c.i.e.AbstractTransferListenerAdapter - Downloading https://repo.maven.apache.org/maven2/org/codehaus/plexus/plexus-utils/2.0.4/plexus-utils-2.0.4.pom
2018-06-29 21:39:15,577 [Worker-17] INFO  o.e.m.c.i.e.AbstractTransferListenerAdapter - Downloaded https://repo.maven.apache.org/maven2/org/codehaus/plexus/plexus-utils/2.0.4/plexus-utils-2.0.4.pom
2018-06-29 21:39:15,976 [Worker-17] INFO  o.e.m.c.i.e.AbstractTransferListenerAdapter - Downloading https://repo.maven.apache.org/maven2/org/codehaus/plexus/plexus-component-annotations/1.5.4/plexus-component-annotations-1.5.4.pom
2018-06-29 21:39:16,204 [Worker-17] INFO  o.e.m.c.i.e.AbstractTransferListenerAdapter - Downloaded https://repo.maven.apache.org/maven2/org/codehaus/plexus/plexus-component-annotations/1.5.4/plexus-component-annotations-1.5.4.pom
2018-06-29 21:39:16,513 [Worker-17] INFO  o.e.m.c.i.e.AbstractTransferListenerAdapter - Downloading https://repo.maven.apache.org/maven2/org/codehaus/plexus/plexus-containers/1.5.4/plexus-containers-1.5.4.pom
2018-06-29 21:39:16,715 [Worker-17] INFO  o.e.m.c.i.e.AbstractTransferListenerAdapter - Downloaded https://repo.maven.apache.org/maven2/org/codehaus/plexus/plexus-containers/1.5.4/plexus-containers-1.5.4.pom
2018-06-29 21:39:17,295 [Worker-17] INFO  o.e.m.c.i.e.AbstractTransferListenerAdapter - Downloading https://repo.maven.apache.org/maven2/org/codehaus/plexus/plexus-utils/3.1.0/plexus-utils-3.1.0.pom
2018-06-29 21:39:17,498 [Worker-17] INFO  o.e.m.c.i.e.AbstractTransferListenerAdapter - Downloaded https://repo.maven.apache.org/maven2/org/codehaus/plexus/plexus-utils/3.1.0/plexus-utils-3.1.0.pom
2018-06-29 21:39:17,719 [Worker-17] INFO  o.e.m.c.i.e.AbstractTransferListenerAdapter - Downloading https://repo.maven.apache.org/maven2/org/codehaus/plexus/plexus/4.0/plexus-4.0.pom
2018-06-29 21:39:17,949 [Worker-17] INFO  o.e.m.c.i.e.AbstractTransferListenerAdapter - Downloaded https://repo.maven.apache.org/maven2/org/codehaus/plexus/plexus/4.0/plexus-4.0.pom
2018-06-29 21:39:18,272 [Worker-17] INFO  o.e.m.c.i.e.AbstractTransferListenerAdapter - Downloading https://repo.maven.apache.org/maven2/org/apache/maven/shared/maven-filtering/3.1.1/maven-filtering-3.1.1.pom
2018-06-29 21:39:18,484 [Worker-17] INFO  o.e.m.c.i.e.AbstractTransferListenerAdapter - Downloaded https://repo.maven.apache.org/maven2/org/apache/maven/shared/maven-filtering/3.1.1/maven-filtering-3.1.1.pom
2018-06-29 21:39:18,906 [Worker-17] INFO  o.e.m.c.i.e.AbstractTransferListenerAdapter - Downloading https://repo.maven.apache.org/maven2/org/codehaus/plexus/plexus-utils/3.0.24/plexus-utils-3.0.24.pom
2018-06-29 21:39:19,111 [Worker-17] INFO  o.e.m.c.i.e.AbstractTransferListenerAdapter - Downloaded https://repo.maven.apache.org/maven2/org/codehaus/plexus/plexus-utils/3.0.24/plexus-utils-3.0.24.pom
2018-06-29 21:39:19,488 [Worker-17] INFO  o.e.m.c.i.e.AbstractTransferListenerAdapter - Downloading https://repo.maven.apache.org/maven2/org/codehaus/plexus/plexus-interpolation/1.22/plexus-interpolation-1.22.pom
2018-06-29 21:39:19,699 [Worker-17] INFO  o.e.m.c.i.e.AbstractTransferListenerAdapter - Downloaded https://repo.maven.apache.org/maven2/org/codehaus/plexus/plexus-interpolation/1.22/plexus-interpolation-1.22.pom
2018-06-29 21:39:19,924 [Worker-17] INFO  o.e.m.c.i.e.AbstractTransferListenerAdapter - Downloading https://repo.maven.apache.org/maven2/org/sonatype/plexus/plexus-build-api/0.0.7/plexus-build-api-0.0.7.pom
2018-06-29 21:39:20,136 [Worker-17] INFO  o.e.m.c.i.e.AbstractTransferListenerAdapter - Downloaded https://repo.maven.apache.org/maven2/org/sonatype/plexus/plexus-build-api/0.0.7/plexus-build-api-0.0.7.pom
2018-06-29 21:39:20,361 [Worker-17] INFO  o.e.m.c.i.e.AbstractTransferListenerAdapter - Downloading https://repo.maven.apache.org/maven2/org/sonatype/spice/spice-parent/15/spice-parent-15.pom
2018-06-29 21:39:20,567 [Worker-17] INFO  o.e.m.c.i.e.AbstractTransferListenerAdapter - Downloaded https://repo.maven.apache.org/maven2/org/sonatype/spice/spice-parent/15/spice-parent-15.pom
2018-06-29 21:39:20,863 [Worker-17] INFO  o.e.m.c.i.e.AbstractTransferListenerAdapter - Downloading https://repo.maven.apache.org/maven2/commons-io/commons-io/2.5/commons-io-2.5.pom
2018-06-29 21:39:21,080 [Worker-17] INFO  o.e.m.c.i.e.AbstractTransferListenerAdapter - Downloaded https://repo.maven.apache.org/maven2/commons-io/commons-io/2.5/commons-io-2.5.pom
2018-06-29 21:39:21,296 [Worker-17] INFO  o.e.m.c.i.e.AbstractTransferListenerAdapter - Downloading https://repo.maven.apache.org/maven2/org/apache/commons/commons-parent/39/commons-parent-39.pom
2018-06-29 21:39:21,687 [Worker-17] INFO  o.e.m.c.i.e.AbstractTransferListenerAdapter - Downloaded https://repo.maven.apache.org/maven2/org/apache/commons/commons-parent/39/commons-parent-39.pom
2018-06-29 21:39:21,908 [Worker-17] INFO  o.e.m.c.i.e.AbstractTransferListenerAdapter - Downloading https://repo.maven.apache.org/maven2/org/codehaus/plexus/plexus-interpolation/1.24/plexus-interpolation-1.24.pom
2018-06-29 21:39:22,111 [Worker-17] INFO  o.e.m.c.i.e.AbstractTransferListenerAdapter - Downloaded https://repo.maven.apache.org/maven2/org/codehaus/plexus/plexus-interpolation/1.24/plexus-interpolation-1.24.pom
2018-06-29 21:39:22,358 [Worker-17] INFO  o.e.m.c.i.e.AbstractTransferListenerAdapter - Downloading https://repo.maven.apache.org/maven2/org/apache/maven/plugins/maven-resources-plugin/3.1.0/maven-resources-plugin-3.1.0.jar
2018-06-29 21:39:22,646 [Worker-17] INFO  o.e.m.c.i.e.AbstractTransferListenerAdapter - Downloaded https://repo.maven.apache.org/maven2/org/apache/maven/plugins/maven-resources-plugin/3.1.0/maven-resources-plugin-3.1.0.jar
2018-06-29 21:39:22,838 [Worker-17] INFO  o.e.m.c.i.e.AbstractTransferListenerAdapter - Downloading https://repo.maven.apache.org/maven2/org/codehaus/plexus/plexus-utils/3.1.0/plexus-utils-3.1.0.jar
2018-06-29 21:39:23,672 [Worker-17] INFO  o.e.m.c.i.e.AbstractTransferListenerAdapter - Downloaded https://repo.maven.apache.org/maven2/org/codehaus/plexus/plexus-utils/3.1.0/plexus-utils-3.1.0.jar
2018-06-29 21:39:23,869 [Worker-17] INFO  o.e.m.c.i.e.AbstractTransferListenerAdapter - Downloading https://repo.maven.apache.org/maven2/org/apache/maven/shared/maven-filtering/3.1.1/maven-filtering-3.1.1.jar
2018-06-29 21:39:24,108 [Worker-17] INFO  o.e.m.c.i.e.AbstractTransferListenerAdapter - Downloaded https://repo.maven.apache.org/maven2/org/apache/maven/shared/maven-filtering/3.1.1/maven-filtering-3.1.1.jar
2018-06-29 21:39:24,311 [Worker-17] INFO  o.e.m.c.i.e.AbstractTransferListenerAdapter - Downloading https://repo.maven.apache.org/maven2/org/sonatype/plexus/plexus-build-api/0.0.7/plexus-build-api-0.0.7.jar
2018-06-29 21:39:24,522 [Worker-17] INFO  o.e.m.c.i.e.AbstractTransferListenerAdapter - Downloaded https://repo.maven.apache.org/maven2/org/sonatype/plexus/plexus-build-api/0.0.7/plexus-build-api-0.0.7.jar
2018-06-29 21:39:24,738 [Worker-17] INFO  o.e.m.c.i.e.AbstractTransferListenerAdapter - Downloading https://repo.maven.apache.org/maven2/commons-io/commons-io/2.5/commons-io-2.5.jar
2018-06-29 21:39:25,160 [Worker-17] INFO  o.e.m.c.i.e.AbstractTransferListenerAdapter - Downloaded https://repo.maven.apache.org/maven2/commons-io/commons-io/2.5/commons-io-2.5.jar
2018-06-29 21:39:25,360 [Worker-17] INFO  o.e.m.c.i.e.AbstractTransferListenerAdapter - Downloading https://repo.maven.apache.org/maven2/org/codehaus/plexus/plexus-interpolation/1.24/plexus-interpolation-1.24.jar
2018-06-29 21:39:25,592 [Worker-17] INFO  o.e.m.c.i.e.AbstractTransferListenerAdapter - Downloaded https://repo.maven.apache.org/maven2/org/codehaus/plexus/plexus-interpolation/1.24/plexus-interpolation-1.24.jar
2018-06-29 21:39:27,103 [Worker-10] INFO  o.e.m.c.i.p.ProjectConfigurationManager - Update started
2018-06-29 21:39:27,166 [Worker-10] INFO  o.e.m.c.i.l.LifecycleMappingFactory - Using org.eclipse.m2e.jdt.JarLifecycleMapping lifecycle mapping for MavenProject: tk.mybatis:simple:0.0.1-SNAPSHOT @ E:\1\springlearn\Mybatis\simple\pom.xml.
2018-06-29 21:39:27,929 [Worker-10] INFO  o.e.m.c.i.p.ProjectConfigurationManager - Update completed: 0 sec
2018-06-29 21:39:39,963 [Worker-10] INFO  o.e.m.i.launch.MavenLaunchDelegate - E:\1\springlearn\Mybatis\simple
2018-06-29 21:39:39,964 [Worker-10] INFO  o.e.m.i.launch.MavenLaunchDelegate -  mvn -B -s D:\maven\apache-maven-3.5.3-bin\apache-maven-3.5.3\conf\settings.xml test
2018-06-29 21:41:13,753 [Worker-0] INFO  c.g.t.t.d.PublishedGradleVersions - Gradle version information cache is up-to-date. Trying to read.
2018-06-29 21:43:34,446 [Worker-19] INFO  o.e.m.i.launch.MavenLaunchDelegate - E:\1\springlearn\Mybatis\simple
2018-06-29 21:43:34,448 [Worker-19] INFO  o.e.m.i.launch.MavenLaunchDelegate -  mvn -B -s D:\maven\apache-maven-3.5.3-bin\apache-maven-3.5.3\conf\settings.xml install
2018-06-29 21:45:27,197 [Worker-9] INFO  o.e.m.c.i.l.LifecycleMappingFactory - Using org.eclipse.m2e.jdt.JarLifecycleMapping lifecycle mapping for MavenProject: tk.mybatis:simple:0.0.1-SNAPSHOT @ E:\1\springlearn\Mybatis\simple\pom.xml.
2018-06-29 21:45:28,486 [Worker-9] INFO  o.e.m.c.i.embedder.EclipseLogger - Using 'UTF-8' encoding to copy filtered resources.
2018-06-29 21:45:28,488 [Worker-9] INFO  o.e.m.c.i.embedder.EclipseLogger - Copying 3 resources
2018-06-29 21:45:28,645 [Worker-9] INFO  o.e.m.c.i.embedder.EclipseLogger - Using 'UTF-8' encoding to copy filtered resources.
2018-06-29 21:45:28,646 [Worker-9] INFO  o.e.m.c.i.embedder.EclipseLogger - Copying 0 resource
2018-06-29 21:45:31,121 [Worker-27] INFO  o.e.m.c.i.l.LifecycleMappingFactory - Using org.eclipse.m2e.jdt.JarLifecycleMapping lifecycle mapping for MavenProject: tk.mybatis:simple:0.0.1-SNAPSHOT @ E:\1\springlearn\Mybatis\simple\pom.xml.
2018-06-29 21:45:31,451 [Worker-27] INFO  o.e.m.c.i.embedder.EclipseLogger - Using 'UTF-8' encoding to copy filtered resources.
2018-06-29 21:45:31,454 [Worker-27] INFO  o.e.m.c.i.embedder.EclipseLogger - Copying 0 resource
2018-06-29 21:45:31,458 [Worker-27] INFO  o.e.m.c.i.embedder.EclipseLogger - Using 'UTF-8' encoding to copy filtered resources.
2018-06-29 21:45:31,460 [Worker-27] INFO  o.e.m.c.i.embedder.EclipseLogger - Copying 0 resource
2018-06-29 21:45:33,509 [Worker-28] INFO  o.e.m.c.i.embedder.EclipseLogger - Using 'UTF-8' encoding to copy filtered resources.
2018-06-29 21:45:33,514 [Worker-28] INFO  o.e.m.c.i.embedder.EclipseLogger - Copying 3 resources
2018-06-29 21:45:33,663 [Worker-28] INFO  o.e.m.c.i.embedder.EclipseLogger - Using 'UTF-8' encoding to copy filtered resources.
2018-06-29 21:45:33,665 [Worker-28] INFO  o.e.m.c.i.embedder.EclipseLogger - Copying 0 resource
2018-06-29 21:45:37,579 [Worker-9] INFO  o.e.m.i.launch.MavenLaunchDelegate - E:\1\springlearn\Mybatis\simple
2018-06-29 21:45:37,579 [Worker-9] INFO  o.e.m.i.launch.MavenLaunchDelegate -  mvn -B -s D:\maven\apache-maven-3.5.3-bin\apache-maven-3.5.3\conf\settings.xml test
2018-06-29 21:45:44,251 [Worker-28] INFO  o.e.m.c.i.embedder.EclipseLogger - Using 'UTF-8' encoding to copy filtered resources.
2018-06-29 21:45:44,252 [Worker-28] INFO  o.e.m.c.i.embedder.EclipseLogger - Copying 0 resource
2018-06-29 21:45:44,255 [Worker-28] INFO  o.e.m.c.i.embedder.EclipseLogger - Using 'UTF-8' encoding to copy filtered resources.
2018-06-29 21:45:44,256 [Worker-28] INFO  o.e.m.c.i.embedder.EclipseLogger - Copying 0 resource
2018-06-29 21:48:42,038 [Worker-27] INFO  o.e.m.c.i.embedder.EclipseLogger - Using 'UTF-8' encoding to copy filtered resources.
2018-06-29 21:48:42,042 [Worker-27] INFO  o.e.m.c.i.embedder.EclipseLogger - Copying 3 resources
2018-06-29 21:48:42,090 [Worker-27] INFO  o.e.m.c.i.embedder.EclipseLogger - Using 'UTF-8' encoding to copy filtered resources.
2018-06-29 21:48:42,094 [Worker-27] INFO  o.e.m.c.i.embedder.EclipseLogger - Copying 0 resource
2018-06-29 21:48:50,697 [Worker-25] INFO  o.e.m.i.launch.MavenLaunchDelegate - E:\1\springlearn\Mybatis\simple
2018-06-29 21:48:50,703 [Worker-25] INFO  o.e.m.i.launch.MavenLaunchDelegate -  mvn -B -s D:\maven\apache-maven-3.5.3-bin\apache-maven-3.5.3\conf\settings.xml test
2018-06-29 21:49:04,568 [Worker-9] INFO  o.e.m.c.i.embedder.EclipseLogger - Using 'UTF-8' encoding to copy filtered resources.
2018-06-29 21:49:04,569 [Worker-9] INFO  o.e.m.c.i.embedder.EclipseLogger - Copying 0 resource
2018-06-29 21:49:04,571 [Worker-9] INFO  o.e.m.c.i.embedder.EclipseLogger - Using 'UTF-8' encoding to copy filtered resources.
2018-06-29 21:49:04,573 [Worker-9] INFO  o.e.m.c.i.embedder.EclipseLogger - Copying 0 resource
2018-06-29 21:52:22,168 [Worker-32] INFO  o.e.m.i.launch.MavenLaunchDelegate - E:\1\springlearn\Mybatis\simple
2018-06-29 21:52:22,169 [Worker-32] INFO  o.e.m.i.launch.MavenLaunchDelegate -  mvn -B -s D:\maven\apache-maven-3.5.3-bin\apache-maven-3.5.3\conf\settings.xml test
2018-06-29 21:52:30,758 [Worker-27] INFO  o.e.m.c.i.embedder.EclipseLogger - Using 'UTF-8' encoding to copy filtered resources.
2018-06-29 21:52:30,759 [Worker-27] INFO  o.e.m.c.i.embedder.EclipseLogger - Copying 0 resource
2018-06-29 21:52:30,762 [Worker-27] INFO  o.e.m.c.i.embedder.EclipseLogger - Using 'UTF-8' encoding to copy filtered resources.
2018-06-29 21:52:30,763 [Worker-27] INFO  o.e.m.c.i.embedder.EclipseLogger - Copying 0 resource
2018-06-29 21:54:30,584 [Worker-30] INFO  o.e.m.c.i.embedder.EclipseLogger - Using 'UTF-8' encoding to copy filtered resources.
2018-06-29 21:54:30,591 [Worker-30] INFO  o.e.m.c.i.embedder.EclipseLogger - Copying 1 resource
2018-06-29 21:54:30,600 [Worker-30] INFO  o.e.m.c.i.embedder.EclipseLogger - Using 'UTF-8' encoding to copy filtered resources.
2018-06-29 21:54:30,601 [Worker-30] INFO  o.e.m.c.i.embedder.EclipseLogger - Copying 0 resource
2018-06-29 21:54:36,137 [Worker-31] INFO  o.e.m.i.launch.MavenLaunchDelegate - E:\1\springlearn\Mybatis\simple
2018-06-29 21:54:36,137 [Worker-31] INFO  o.e.m.i.launch.MavenLaunchDelegate -  mvn -B -s D:\maven\apache-maven-3.5.3-bin\apache-maven-3.5.3\conf\settings.xml test
2018-06-29 21:54:44,754 [Worker-9] INFO  o.e.m.c.i.embedder.EclipseLogger - Using 'UTF-8' encoding to copy filtered resources.
2018-06-29 21:54:44,755 [Worker-9] INFO  o.e.m.c.i.embedder.EclipseLogger - Copying 0 resource
2018-06-29 21:54:44,760 [Worker-9] INFO  o.e.m.c.i.embedder.EclipseLogger - Using 'UTF-8' encoding to copy filtered resources.
2018-06-29 21:54:44,761 [Worker-9] INFO  o.e.m.c.i.embedder.EclipseLogger - Copying 0 resource
2018-06-30 09:47:53,774 [Worker-3] INFO  c.g.t.t.d.PublishedGradleVersions - Gradle version information cache is up-to-date. Trying to read.
2018-06-30 09:48:55,170 [Worker-12] INFO  o.e.m.i.launch.MavenLaunchDelegate - E:\1\springlearn\Mybatis\simple
2018-06-30 09:48:55,172 [Worker-12] INFO  o.e.m.i.launch.MavenLaunchDelegate -  mvn -B -s D:\maven\apache-maven-3.5.3-bin\apache-maven-3.5.3\conf\settings.xml test
2018-06-30 09:49:10,632 [Worker-15] INFO  o.e.m.c.i.embedder.EclipseLogger - Using 'UTF-8' encoding to copy filtered resources.
2018-06-30 09:49:10,635 [Worker-15] INFO  o.e.m.c.i.embedder.EclipseLogger - Copying 3 resources
2018-06-30 09:49:10,647 [Worker-15] INFO  o.e.m.c.i.embedder.EclipseLogger - Using 'UTF-8' encoding to copy filtered resources.
2018-06-30 09:49:10,648 [Worker-15] INFO  o.e.m.c.i.embedder.EclipseLogger - Copying 0 resource
2018-06-30 09:54:01,728 [Worker-15] INFO  o.e.m.c.i.embedder.EclipseLogger - Using 'UTF-8' encoding to copy filtered resources.
2018-06-30 09:54:01,732 [Worker-15] INFO  o.e.m.c.i.embedder.EclipseLogger - Copying 1 resource
2018-06-30 09:54:01,745 [Worker-15] INFO  o.e.m.c.i.embedder.EclipseLogger - Using 'UTF-8' encoding to copy filtered resources.
2018-06-30 09:54:01,746 [Worker-15] INFO  o.e.m.c.i.embedder.EclipseLogger - Copying 0 resource
2018-06-30 09:54:06,828 [Worker-18] INFO  o.e.m.i.launch.MavenLaunchDelegate - E:\1\springlearn\Mybatis\simple
2018-06-30 09:54:06,828 [Worker-18] INFO  o.e.m.i.launch.MavenLaunchDelegate -  mvn -B -s D:\maven\apache-maven-3.5.3-bin\apache-maven-3.5.3\conf\settings.xml test
2018-06-30 09:54:13,506 [Worker-19] INFO  o.e.m.c.i.embedder.EclipseLogger - Using 'UTF-8' encoding to copy filtered resources.
2018-06-30 09:54:13,507 [Worker-19] INFO  o.e.m.c.i.embedder.EclipseLogger - Copying 0 resource
2018-06-30 09:54:13,510 [Worker-19] INFO  o.e.m.c.i.embedder.EclipseLogger - Using 'UTF-8' encoding to copy filtered resources.
2018-06-30 09:54:13,511 [Worker-19] INFO  o.e.m.c.i.embedder.EclipseLogger - Copying 0 resource
2018-06-30 09:54:21,907 [Worker-2] INFO  o.e.m.c.i.embedder.EclipseLogger - Using 'UTF-8' encoding to copy filtered resources.
2018-06-30 09:54:21,908 [Worker-2] INFO  o.e.m.c.i.embedder.EclipseLogger - Copying 1 resource
2018-06-30 09:54:21,914 [Worker-2] INFO  o.e.m.c.i.embedder.EclipseLogger - Using 'UTF-8' encoding to copy filtered resources.
2018-06-30 09:54:21,915 [Worker-2] INFO  o.e.m.c.i.embedder.EclipseLogger - Copying 0 resource
2018-06-30 09:54:28,648 [Worker-20] INFO  o.e.m.i.launch.MavenLaunchDelegate - E:\1\springlearn\Mybatis\simple
2018-06-30 09:54:28,648 [Worker-20] INFO  o.e.m.i.launch.MavenLaunchDelegate -  mvn -B -s D:\maven\apache-maven-3.5.3-bin\apache-maven-3.5.3\conf\settings.xml test
2018-06-30 09:54:36,477 [Worker-15] INFO  o.e.m.c.i.embedder.EclipseLogger - Using 'UTF-8' encoding to copy filtered resources.
2018-06-30 09:54:36,478 [Worker-15] INFO  o.e.m.c.i.embedder.EclipseLogger - Copying 0 resource
2018-06-30 09:54:36,483 [Worker-15] INFO  o.e.m.c.i.embedder.EclipseLogger - Using 'UTF-8' encoding to copy filtered resources.
2018-06-30 09:54:36,484 [Worker-15] INFO  o.e.m.c.i.embedder.EclipseLogger - Copying 0 resource
